2021-04-03 00:03:49.788  INFO 49207 --- [http-nio-8080-exec-8] com.example.demo.PagosController         : Se retorna el hist?rico de pagos
2021-04-03 00:04:40.445  INFO 49207 --- [http-nio-8080-exec-9] com.example.demo.PagosController         : Intento de inicio de sesi?n: Ezio
2021-04-03 00:04:41.017  INFO 49207 --- [http-nio-8080-exec-9] com.example.demo.PagosController         : Inicio de sesi?n correcto: Usuario{username='Ezio',passwd='$2a$12$HjWPz6vZi4dSJLrEJQoFGep0KIlepQyCaPCRbfCY7WYzUkuEA2lJe',role='client'}
2021-04-03 00:04:41.083  INFO 49207 --- [http-nio-8080-exec-10] com.example.demo.PagosController         : Se retorna el hist?rico de pagos
2021-04-03 00:18:53.021  WARN 49207 --- [HikariPool-1 housekeeper] com.zaxxer.hikari.pool.HikariPool        : HikariPool-1 - Thread starvation or clock leap detected (housekeeper delta=48s926ms).
2021-04-03 01:01:02.526  INFO 49207 --- [http-nio-8080-exec-3] com.example.demo.PagosController         : Intento de inicio de sesi?n: Ezio
2021-04-03 01:01:03.134  INFO 49207 --- [http-nio-8080-exec-3] com.example.demo.PagosController         : Inicio de sesi?n correcto: Usuario{username='Ezio',passwd='$2a$12$HjWPz6vZi4dSJLrEJQoFGep0KIlepQyCaPCRbfCY7WYzUkuEA2lJe',role='client'}
2021-04-03 01:01:03.256  INFO 49207 --- [http-nio-8080-exec-5] com.example.demo.PagosController         : Se retorna el hist?rico de pagos
2021-04-03 01:06:39.025  INFO 49207 --- [http-nio-8080-exec-2] com.example.demo.PagosController         : Se retorna el hist?rico de pagos
2021-04-03 01:16:37.702  INFO 49207 --- [http-nio-8080-exec-6] com.example.demo.PagosController         : Intento de inicio de sesi?n: Ezio
2021-04-03 01:16:38.352  INFO 49207 --- [http-nio-8080-exec-6] com.example.demo.PagosController         : Inicio de sesi?n correcto: Usuario{username='Ezio',passwd='$2a$12$HjWPz6vZi4dSJLrEJQoFGep0KIlepQyCaPCRbfCY7WYzUkuEA2lJe',role='client'}
2021-04-03 01:16:38.601  INFO 49207 --- [http-nio-8080-exec-7] com.example.demo.PagosController         : Se retorna el hist?rico de pagos
2021-04-03 01:21:30.335  INFO 49207 --- [http-nio-8080-exec-9] com.example.demo.PagosController         : Se retorna el hist?rico de pagos
2021-04-03 01:24:07.881  INFO 49207 --- [SpringContextShutdownHook] o.s.s.concurrent.ThreadPoolTaskExecutor  : Shutting down ExecutorService 'applicationTaskExecutor'
2021-04-03 01:24:08.511  INFO 49207 --- [SpringContextShutdownHook] j.LocalContainerEntityManagerFactoryBean : Closing JPA EntityManagerFactory for persistence unit 'default'
2021-04-03 01:24:10.342  INFO 49207 --- [SpringContextShutdownHook] com.zaxxer.hikari.HikariDataSource       : HikariPool-1 - Shutdown initiated...
2021-04-03 01:24:10.921  INFO 49207 --- [SpringContextShutdownHook] com.zaxxer.hikari.HikariDataSource       : HikariPool-1 - Shutdown completed.
2021-04-03 01:26:21.557  INFO 52909 --- [restartedMain] com.example.demo.DemoApplication         : Starting DemoApplication using Java 1.8.0_51 on iMac-de-Andres.local with PID 52909 (/Users/andres/Documents/Desarrollos/Wupo/WebApp/back/demo/build/classes/java/main started by andres in /Users/andres/Documents/Desarrollos/Wupo/WebApp/back/demo)
2021-04-03 01:26:21.632  INFO 52909 --- [restartedMain] com.example.demo.DemoApplication         : No active profile set, falling back to default profiles: default
2021-04-03 01:26:22.113  INFO 52909 --- [restartedMain] .e.DevToolsPropertyDefaultsPostProcessor : Devtools property defaults active! Set 'spring.devtools.add-properties' to 'false' to disable
2021-04-03 01:26:22.114  INFO 52909 --- [restartedMain] .e.DevToolsPropertyDefaultsPostProcessor : For additional web related logging consider setting the 'logging.level.web' property to 'DEBUG'
2021-04-03 01:26:28.970  INFO 52909 --- [restartedMain] .s.d.r.c.RepositoryConfigurationDelegate : Bootstrapping Spring Data JPA repositories in DEFAULT mode.
2021-04-03 01:26:29.190  INFO 52909 --- [restartedMain] .s.d.r.c.RepositoryConfigurationDelegate : Finished Spring Data repository scanning in 200 ms. Found 2 JPA repository interfaces.
2021-04-03 01:26:30.639  INFO 52909 --- [restartedMain] trationDelegate$BeanPostProcessorChecker : Bean 'org.springframework.security.access.expression.method.DefaultMethodSecurityExpressionHandler@6b97fd35' of type [org.springframework.security.access.expression.method.DefaultMethodSecurityExpressionHandler] is not eligible for getting processed by all BeanPostProcessors (for example: not eligible for auto-proxying)
2021-04-03 01:26:30.644  INFO 52909 --- [restartedMain] trationDelegate$BeanPostProcessorChecker : Bean 'methodSecurityMetadataSource' of type [org.springframework.security.access.method.DelegatingMethodSecurityMetadataSource] is not eligible for getting processed by all BeanPostProcessors (for example: not eligible for auto-proxying)
2021-04-03 01:26:32.419  INFO 52909 --- [restartedMain] o.s.b.w.embedded.tomcat.TomcatWebServer  : Tomcat initialized with port(s): 8080 (http)
2021-04-03 01:26:32.592  INFO 52909 --- [restartedMain] o.apache.catalina.core.StandardService   : Starting service [Tomcat]
2021-04-03 01:26:32.592  INFO 52909 --- [restartedMain] org.apache.catalina.core.StandardEngine  : Starting Servlet engine: [Apache Tomcat/9.0.44]
2021-04-03 01:26:33.182  INFO 52909 --- [restartedMain] o.a.c.c.C.[Tomcat].[localhost].[/]       : Initializing Spring embedded WebApplicationContext
2021-04-03 01:26:33.183  INFO 52909 --- [restartedMain] w.s.c.ServletWebServerApplicationContext : Root WebApplicationContext: initialization completed in 11063 ms
2021-04-03 01:26:34.926  INFO 52909 --- [restartedMain] o.hibernate.jpa.internal.util.LogHelper  : HHH000204: Processing PersistenceUnitInfo [name: default]
2021-04-03 01:26:35.330  INFO 52909 --- [restartedMain] org.hibernate.Version                    : HHH000412: Hibernate ORM core version 5.4.29.Final
2021-04-03 01:26:36.317  INFO 52909 --- [restartedMain] o.hibernate.annotations.common.Version   : HCANN000001: Hibernate Commons Annotations {5.1.2.Final}
2021-04-03 01:26:36.778  INFO 52909 --- [restartedMain] com.zaxxer.hikari.HikariDataSource       : HikariPool-1 - Starting...
2021-04-03 01:26:38.442  INFO 52909 --- [restartedMain] com.zaxxer.hikari.HikariDataSource       : HikariPool-1 - Start completed.
2021-04-03 01:26:38.526  INFO 52909 --- [restartedMain] org.hibernate.dialect.Dialect            : HHH000400: Using dialect: org.hibernate.dialect.PostgreSQL10Dialect
2021-04-03 01:26:40.650  INFO 52909 --- [restartedMain] o.h.e.t.j.p.i.JtaPlatformInitiator       : HHH000490: Using JtaPlatform implementation: [org.hibernate.engine.transaction.jta.platform.internal.NoJtaPlatform]
2021-04-03 01:26:40.729  INFO 52909 --- [restartedMain] j.LocalContainerEntityManagerFactoryBean : Initialized JPA EntityManagerFactory for persistence unit 'default'
2021-04-03 01:26:42.479  WARN 52909 --- [restartedMain] JpaBaseConfiguration$JpaWebConfiguration : spring.jpa.open-in-view is enabled by default. Therefore, database queries may be performed during view rendering. Explicitly configure spring.jpa.open-in-view to disable this warning
2021-04-03 01:26:46.490  INFO 52909 --- [restartedMain] o.s.s.web.DefaultSecurityFilterChain     : Will secure any request with [org.springframework.security.web.context.request.async.WebAsyncManagerIntegrationFilter@44231a42, org.springframework.security.web.context.SecurityContextPersistenceFilter@26dd4cd0, org.springframework.security.web.header.HeaderWriterFilter@4f6098cc, org.springframework.web.filter.CorsFilter@27ba09b7, org.springframework.security.web.authentication.logout.LogoutFilter@75a71fdd, com.example.demo.JwtTokenFilter@27c30c2, org.springframework.security.web.savedrequest.RequestCacheAwareFilter@755e1d9b, org.springframework.security.web.servletapi.SecurityContextHolderAwareRequestFilter@22e801e1, org.springframework.security.web.authentication.AnonymousAuthenticationFilter@76eb147e, org.springframework.security.web.session.SessionManagementFilter@3545e3f1, org.springframework.security.web.access.ExceptionTranslationFilter@259aaad5, org.springframework.security.web.access.intercept.FilterSecurityInterceptor@224a6383]
2021-04-03 01:26:46.956  INFO 52909 --- [restartedMain] o.s.s.concurrent.ThreadPoolTaskExecutor  : Initializing ExecutorService 'applicationTaskExecutor'
2021-04-03 01:26:48.389  INFO 52909 --- [restartedMain] o.s.b.d.a.OptionalLiveReloadServer       : LiveReload server is running on port 35729
2021-04-03 01:26:48.666  INFO 52909 --- [restartedMain] o.s.b.w.embedded.tomcat.TomcatWebServer  : Tomcat started on port(s): 8080 (http) with context path ''
2021-04-03 01:26:48.787  INFO 52909 --- [restartedMain] com.example.demo.DemoApplication         : Started DemoApplication in 35.123 seconds (JVM running for 38.011)
2021-04-03 01:27:18.051  INFO 52909 --- [http-nio-8080-exec-1] o.a.c.c.C.[Tomcat].[localhost].[/]       : Initializing Spring DispatcherServlet 'dispatcherServlet'
2021-04-03 01:27:18.456  INFO 52909 --- [http-nio-8080-exec-1] o.s.web.servlet.DispatcherServlet        : Initializing Servlet 'dispatcherServlet'
2021-04-03 01:27:18.458  INFO 52909 --- [http-nio-8080-exec-1] o.s.web.servlet.DispatcherServlet        : Completed initialization in 2 ms
2021-04-03 01:27:20.713  INFO 52909 --- [http-nio-8080-exec-1] com.example.demo.PagosController         : Intento de inicio de sesi?n: Ezio
2021-04-03 01:27:21.764  INFO 52909 --- [http-nio-8080-exec-1] com.example.demo.PagosController         : Inicio de sesi?n correcto: Usuario{username='Ezio',passwd='$2a$12$HjWPz6vZi4dSJLrEJQoFGep0KIlepQyCaPCRbfCY7WYzUkuEA2lJe',role='client'}
2021-04-03 01:27:22.611  INFO 52909 --- [http-nio-8080-exec-2] com.example.demo.PagosController         : Se retorna el hist?rico de pagos
2021-04-03 01:27:28.395  INFO 52909 --- [http-nio-8080-exec-3] com.example.demo.PagosController         : Se retorna el hist?rico de pagos
2021-04-03 01:27:36.549  INFO 52909 --- [http-nio-8080-exec-4] com.example.demo.PagosController         : Se intenta registrar un nuevo pago
2021-04-03 01:27:37.234  INFO 52909 --- [http-nio-8080-exec-4] com.example.demo.PagosController         : Se registra el pago exitosamente: Pago{id=1,source='Ezio',destiny='otroUser',value=450.0}
2021-04-03 01:27:41.365  INFO 52909 --- [http-nio-8080-exec-5] com.example.demo.PagosController         : Se retorna el hist?rico de pagos
2021-04-03 01:35:04.411  INFO 52909 --- [http-nio-8080-exec-8] com.example.demo.PagosController         : Intento de inicio de sesi?n: Ezio
2021-04-03 01:35:04.975  INFO 52909 --- [http-nio-8080-exec-8] com.example.demo.PagosController         : Inicio de sesi?n correcto: Usuario{username='Ezio',passwd='$2a$12$HjWPz6vZi4dSJLrEJQoFGep0KIlepQyCaPCRbfCY7WYzUkuEA2lJe',role='client'}
2021-04-03 01:36:06.889  INFO 52909 --- [http-nio-8080-exec-10] com.example.demo.PagosController         : Intento de inicio de sesi?n: Ezio
2021-04-03 01:36:07.616  INFO 52909 --- [http-nio-8080-exec-10] com.example.demo.PagosController         : Inicio de sesi?n correcto: Usuario{username='Ezio',passwd='$2a$12$HjWPz6vZi4dSJLrEJQoFGep0KIlepQyCaPCRbfCY7WYzUkuEA2lJe',role='client'}
2021-04-03 01:36:26.816  INFO 52909 --- [http-nio-8080-exec-2] com.example.demo.PagosController         : Se retorna el hist?rico de pagos
2021-04-03 01:36:31.157  INFO 52909 --- [http-nio-8080-exec-3] com.example.demo.PagosController         : Se retorna el hist?rico de pagos
2021-04-03 01:38:15.629  INFO 52909 --- [http-nio-8080-exec-5] com.example.demo.PagosController         : Se retorna el hist?rico de pagos
